

Started GET "/" for 127.0.0.1 at 2014-12-01 11:22:44 -0300

Mysql2::Error (Unknown database 'rails-boilerplate'):
  mysql2 (0.3.15) lib/mysql2/client.rb:67:in `connect'
  mysql2 (0.3.15) lib/mysql2/client.rb:67:in `initialize'
  activerecord (4.0.2) lib/active_record/connection_adapters/mysql2_adapter.rb:18:in `new'
  activerecord (4.0.2) lib/active_record/connection_adapters/mysql2_adapter.rb:18:in `mysql2_connection'
  activerecord (4.0.2) lib/active_record/connection_adapters/abstract/connection_pool.rb:440:in `new_connection'
  activerecord (4.0.2) lib/active_record/connection_adapters/abstract/connection_pool.rb:450:in `checkout_new_connection'
  activerecord (4.0.2) lib/active_record/connection_adapters/abstract/connection_pool.rb:421:in `acquire_connection'
  activerecord (4.0.2) lib/active_record/connection_adapters/abstract/connection_pool.rb:356:in `block in checkout'
  /home/sylar/.rvm/rubies/ruby-2.1.2/lib/ruby/2.1.0/monitor.rb:211:in `mon_synchronize'
  activerecord (4.0.2) lib/active_record/connection_adapters/abstract/connection_pool.rb:355:in `checkout'
  activerecord (4.0.2) lib/active_record/connection_adapters/abstract/connection_pool.rb:265:in `block in connection'
  /home/sylar/.rvm/rubies/ruby-2.1.2/lib/ruby/2.1.0/monitor.rb:211:in `mon_synchronize'
  activerecord (4.0.2) lib/active_record/connection_adapters/abstract/connection_pool.rb:264:in `connection'
  activerecord (4.0.2) lib/active_record/connection_adapters/abstract/connection_pool.rb:546:in `retrieve_connection'
  activerecord (4.0.2) lib/active_record/connection_handling.rb:79:in `retrieve_connection'
  activerecord (4.0.2) lib/active_record/connection_handling.rb:53:in `connection'
  activerecord (4.0.2) lib/active_record/migration.rb:792:in `current_version'
  activerecord (4.0.2) lib/active_record/migration.rb:800:in `needs_migration?'
  activerecord (4.0.2) lib/active_record/migration.rb:379:in `check_pending!'
  activerecord (4.0.2) lib/active_record/migration.rb:366:in `call'
  actionpack (4.0.2) lib/action_dispatch/middleware/callbacks.rb:29:in `block in call'
  activesupport (4.0.2) lib/active_support/callbacks.rb:373:in `_run__2624609829662341223__call__callbacks'
  activesupport (4.0.2) lib/active_support/callbacks.rb:80:in `run_callbacks'
  actionpack (4.0.2) lib/action_dispatch/middleware/callbacks.rb:27:in `call'
  actionpack (4.0.2) lib/action_dispatch/middleware/reloader.rb:64:in `call'
  actionpack (4.0.2) lib/action_dispatch/middleware/remote_ip.rb:76:in `call'
  actionpack (4.0.2) lib/action_dispatch/middleware/debug_exceptions.rb:17:in `call'
  actionpack (4.0.2) lib/action_dispatch/middleware/show_exceptions.rb:30:in `call'
  railties (4.0.2) lib/rails/rack/logger.rb:38:in `call_app'
  railties (4.0.2) lib/rails/rack/logger.rb:20:in `block in call'
  activesupport (4.0.2) lib/active_support/tagged_logging.rb:67:in `block in tagged'
  activesupport (4.0.2) lib/active_support/tagged_logging.rb:25:in `tagged'
  activesupport (4.0.2) lib/active_support/tagged_logging.rb:67:in `tagged'
  railties (4.0.2) lib/rails/rack/logger.rb:20:in `call'
  actionpack (4.0.2) lib/action_dispatch/middleware/request_id.rb:21:in `call'
  rack (1.5.2) lib/rack/methodoverride.rb:21:in `call'
  rack (1.5.2) lib/rack/runtime.rb:17:in `call'
  activesupport (4.0.2) lib/active_support/cache/strategy/local_cache.rb:83:in `call'
  rack (1.5.2) lib/rack/lock.rb:17:in `call'
  actionpack (4.0.2) lib/action_dispatch/middleware/static.rb:64:in `call'
  rack (1.5.2) lib/rack/sendfile.rb:112:in `call'
  railties (4.0.2) lib/rails/engine.rb:511:in `call'
  railties (4.0.2) lib/rails/application.rb:97:in `call'
  rack (1.5.2) lib/rack/lock.rb:17:in `call'
  rack (1.5.2) lib/rack/content_length.rb:14:in `call'
  rack (1.5.2) lib/rack/handler/webrick.rb:60:in `service'
  /home/sylar/.rvm/rubies/ruby-2.1.2/lib/ruby/2.1.0/webrick/httpserver.rb:138:in `service'
  /home/sylar/.rvm/rubies/ruby-2.1.2/lib/ruby/2.1.0/webrick/httpserver.rb:94:in `run'
  /home/sylar/.rvm/rubies/ruby-2.1.2/lib/ruby/2.1.0/webrick/server.rb:295:in `block in start_thread'


  Rendered /home/sylar/.rvm/gems/ruby-2.1.2/gems/actionpack-4.0.2/lib/action_dispatch/middleware/templates/rescues/_source.erb (0.6ms)
  Rendered /home/sylar/.rvm/gems/ruby-2.1.2/gems/actionpack-4.0.2/lib/action_dispatch/middleware/templates/rescues/_trace.erb (1.4ms)
  Rendered /home/sylar/.rvm/gems/ruby-2.1.2/gems/actionpack-4.0.2/lib/action_dispatch/middleware/templates/rescues/_request_and_response.erb (1.1ms)
  Rendered /home/sylar/.rvm/gems/ruby-2.1.2/gems/actionpack-4.0.2/lib/action_dispatch/middleware/templates/rescues/diagnostics.erb within rescues/layout (14.8ms)


Started GET "/" for 127.0.0.1 at 2014-12-01 11:24:32 -0300

Mysql2::Error (Unknown database 'rails-boilerplate'):
  mysql2 (0.3.15) lib/mysql2/client.rb:67:in `connect'
  mysql2 (0.3.15) lib/mysql2/client.rb:67:in `initialize'
  activerecord (4.0.2) lib/active_record/connection_adapters/mysql2_adapter.rb:18:in `new'
  activerecord (4.0.2) lib/active_record/connection_adapters/mysql2_adapter.rb:18:in `mysql2_connection'
  activerecord (4.0.2) lib/active_record/connection_adapters/abstract/connection_pool.rb:440:in `new_connection'
  activerecord (4.0.2) lib/active_record/connection_adapters/abstract/connection_pool.rb:450:in `checkout_new_connection'
  activerecord (4.0.2) lib/active_record/connection_adapters/abstract/connection_pool.rb:421:in `acquire_connection'
  activerecord (4.0.2) lib/active_record/connection_adapters/abstract/connection_pool.rb:356:in `block in checkout'
  /home/sylar/.rvm/rubies/ruby-2.1.2/lib/ruby/2.1.0/monitor.rb:211:in `mon_synchronize'
  activerecord (4.0.2) lib/active_record/connection_adapters/abstract/connection_pool.rb:355:in `checkout'
  activerecord (4.0.2) lib/active_record/connection_adapters/abstract/connection_pool.rb:265:in `block in connection'
  /home/sylar/.rvm/rubies/ruby-2.1.2/lib/ruby/2.1.0/monitor.rb:211:in `mon_synchronize'
  activerecord (4.0.2) lib/active_record/connection_adapters/abstract/connection_pool.rb:264:in `connection'
  activerecord (4.0.2) lib/active_record/connection_adapters/abstract/connection_pool.rb:546:in `retrieve_connection'
  activerecord (4.0.2) lib/active_record/connection_handling.rb:79:in `retrieve_connection'
  activerecord (4.0.2) lib/active_record/connection_handling.rb:53:in `connection'
  activerecord (4.0.2) lib/active_record/migration.rb:792:in `current_version'
  activerecord (4.0.2) lib/active_record/migration.rb:800:in `needs_migration?'
  activerecord (4.0.2) lib/active_record/migration.rb:379:in `check_pending!'
  activerecord (4.0.2) lib/active_record/migration.rb:366:in `call'
  actionpack (4.0.2) lib/action_dispatch/middleware/callbacks.rb:29:in `block in call'
  activesupport (4.0.2) lib/active_support/callbacks.rb:373:in `_run__4562921959125584184__call__callbacks'
  activesupport (4.0.2) lib/active_support/callbacks.rb:80:in `run_callbacks'
  actionpack (4.0.2) lib/action_dispatch/middleware/callbacks.rb:27:in `call'
  actionpack (4.0.2) lib/action_dispatch/middleware/reloader.rb:64:in `call'
  actionpack (4.0.2) lib/action_dispatch/middleware/remote_ip.rb:76:in `call'
  actionpack (4.0.2) lib/action_dispatch/middleware/debug_exceptions.rb:17:in `call'
  actionpack (4.0.2) lib/action_dispatch/middleware/show_exceptions.rb:30:in `call'
  railties (4.0.2) lib/rails/rack/logger.rb:38:in `call_app'
  railties (4.0.2) lib/rails/rack/logger.rb:20:in `block in call'
  activesupport (4.0.2) lib/active_support/tagged_logging.rb:67:in `block in tagged'
  activesupport (4.0.2) lib/active_support/tagged_logging.rb:25:in `tagged'
  activesupport (4.0.2) lib/active_support/tagged_logging.rb:67:in `tagged'
  railties (4.0.2) lib/rails/rack/logger.rb:20:in `call'
  actionpack (4.0.2) lib/action_dispatch/middleware/request_id.rb:21:in `call'
  rack (1.5.2) lib/rack/methodoverride.rb:21:in `call'
  rack (1.5.2) lib/rack/runtime.rb:17:in `call'
  activesupport (4.0.2) lib/active_support/cache/strategy/local_cache.rb:83:in `call'
  rack (1.5.2) lib/rack/lock.rb:17:in `call'
  actionpack (4.0.2) lib/action_dispatch/middleware/static.rb:64:in `call'
  rack (1.5.2) lib/rack/sendfile.rb:112:in `call'
  railties (4.0.2) lib/rails/engine.rb:511:in `call'
  railties (4.0.2) lib/rails/application.rb:97:in `call'
  rack (1.5.2) lib/rack/lock.rb:17:in `call'
  rack (1.5.2) lib/rack/content_length.rb:14:in `call'
  rack (1.5.2) lib/rack/handler/webrick.rb:60:in `service'
  /home/sylar/.rvm/rubies/ruby-2.1.2/lib/ruby/2.1.0/webrick/httpserver.rb:138:in `service'
  /home/sylar/.rvm/rubies/ruby-2.1.2/lib/ruby/2.1.0/webrick/httpserver.rb:94:in `run'
  /home/sylar/.rvm/rubies/ruby-2.1.2/lib/ruby/2.1.0/webrick/server.rb:295:in `block in start_thread'


  Rendered /home/sylar/.rvm/gems/ruby-2.1.2/gems/actionpack-4.0.2/lib/action_dispatch/middleware/templates/rescues/_source.erb (0.8ms)
  Rendered /home/sylar/.rvm/gems/ruby-2.1.2/gems/actionpack-4.0.2/lib/action_dispatch/middleware/templates/rescues/_trace.erb (1.3ms)
  Rendered /home/sylar/.rvm/gems/ruby-2.1.2/gems/actionpack-4.0.2/lib/action_dispatch/middleware/templates/rescues/_request_and_response.erb (1.1ms)
  Rendered /home/sylar/.rvm/gems/ruby-2.1.2/gems/actionpack-4.0.2/lib/action_dispatch/middleware/templates/rescues/diagnostics.erb within rescues/layout (14.0ms)


Started GET "/" for 127.0.0.1 at 2014-12-01 11:26:01 -0300
  [1m[36mActiveRecord::SchemaMigration Load (0.1ms)[0m  [1mSELECT `schema_migrations`.* FROM `schema_migrations`[0m
Processing by IndexController#home as HTML
  Rendered index/home.html.erb within layouts/application (1.3ms)
Completed 200 OK in 1577ms (Views: 1567.3ms | ActiveRecord: 0.0ms)


Started GET "/assets/style.css?body=1" for 127.0.0.1 at 2014-12-01 11:26:03 -0300


Started GET "/assets/index.js?body=1" for 127.0.0.1 at 2014-12-01 11:26:03 -0300


Started GET "/assets/application.css?body=1" for 127.0.0.1 at 2014-12-01 11:26:03 -0300


Started GET "/assets/application.js?body=1" for 127.0.0.1 at 2014-12-01 11:26:03 -0300


Started GET "/logout" for 127.0.0.1 at 2014-12-01 11:26:11 -0300

ActionController::RoutingError (No route matches [GET] "/logout"):
  actionpack (4.0.2) lib/action_dispatch/middleware/debug_exceptions.rb:21:in `call'
  actionpack (4.0.2) lib/action_dispatch/middleware/show_exceptions.rb:30:in `call'
  railties (4.0.2) lib/rails/rack/logger.rb:38:in `call_app'
  railties (4.0.2) lib/rails/rack/logger.rb:20:in `block in call'
  activesupport (4.0.2) lib/active_support/tagged_logging.rb:67:in `block in tagged'
  activesupport (4.0.2) lib/active_support/tagged_logging.rb:25:in `tagged'
  activesupport (4.0.2) lib/active_support/tagged_logging.rb:67:in `tagged'
  railties (4.0.2) lib/rails/rack/logger.rb:20:in `call'
  actionpack (4.0.2) lib/action_dispatch/middleware/request_id.rb:21:in `call'
  rack (1.5.2) lib/rack/methodoverride.rb:21:in `call'
  rack (1.5.2) lib/rack/runtime.rb:17:in `call'
  activesupport (4.0.2) lib/active_support/cache/strategy/local_cache.rb:83:in `call'
  rack (1.5.2) lib/rack/lock.rb:17:in `call'
  actionpack (4.0.2) lib/action_dispatch/middleware/static.rb:64:in `call'
  rack (1.5.2) lib/rack/sendfile.rb:112:in `call'
  railties (4.0.2) lib/rails/engine.rb:511:in `call'
  railties (4.0.2) lib/rails/application.rb:97:in `call'
  rack (1.5.2) lib/rack/lock.rb:17:in `call'
  rack (1.5.2) lib/rack/content_length.rb:14:in `call'
  rack (1.5.2) lib/rack/handler/webrick.rb:60:in `service'
  /home/sylar/.rvm/rubies/ruby-2.1.2/lib/ruby/2.1.0/webrick/httpserver.rb:138:in `service'
  /home/sylar/.rvm/rubies/ruby-2.1.2/lib/ruby/2.1.0/webrick/httpserver.rb:94:in `run'
  /home/sylar/.rvm/rubies/ruby-2.1.2/lib/ruby/2.1.0/webrick/server.rb:295:in `block in start_thread'


  Rendered /home/sylar/.rvm/gems/ruby-2.1.2/gems/actionpack-4.0.2/lib/action_dispatch/middleware/templates/rescues/_trace.erb (1.2ms)
  Rendered /home/sylar/.rvm/gems/ruby-2.1.2/gems/actionpack-4.0.2/lib/action_dispatch/middleware/templates/routes/_route.html.erb (5.0ms)
  Rendered /home/sylar/.rvm/gems/ruby-2.1.2/gems/actionpack-4.0.2/lib/action_dispatch/middleware/templates/routes/_table.html.erb (4.2ms)
  Rendered /home/sylar/.rvm/gems/ruby-2.1.2/gems/actionpack-4.0.2/lib/action_dispatch/middleware/templates/rescues/routing_error.erb within rescues/layout (28.7ms)


Started GET "/logout" for 127.0.0.1 at 2014-12-01 11:26:11 -0300

ActionController::RoutingError (No route matches [GET] "/logout"):
  actionpack (4.0.2) lib/action_dispatch/middleware/debug_exceptions.rb:21:in `call'
  actionpack (4.0.2) lib/action_dispatch/middleware/show_exceptions.rb:30:in `call'
  railties (4.0.2) lib/rails/rack/logger.rb:38:in `call_app'
  railties (4.0.2) lib/rails/rack/logger.rb:20:in `block in call'
  activesupport (4.0.2) lib/active_support/tagged_logging.rb:67:in `block in tagged'
  activesupport (4.0.2) lib/active_support/tagged_logging.rb:25:in `tagged'
  activesupport (4.0.2) lib/active_support/tagged_logging.rb:67:in `tagged'
  railties (4.0.2) lib/rails/rack/logger.rb:20:in `call'
  actionpack (4.0.2) lib/action_dispatch/middleware/request_id.rb:21:in `call'
  rack (1.5.2) lib/rack/methodoverride.rb:21:in `call'
  rack (1.5.2) lib/rack/runtime.rb:17:in `call'
  activesupport (4.0.2) lib/active_support/cache/strategy/local_cache.rb:83:in `call'
  rack (1.5.2) lib/rack/lock.rb:17:in `call'
  actionpack (4.0.2) lib/action_dispatch/middleware/static.rb:64:in `call'
  rack (1.5.2) lib/rack/sendfile.rb:112:in `call'
  railties (4.0.2) lib/rails/engine.rb:511:in `call'
  railties (4.0.2) lib/rails/application.rb:97:in `call'
  rack (1.5.2) lib/rack/lock.rb:17:in `call'
  rack (1.5.2) lib/rack/content_length.rb:14:in `call'
  rack (1.5.2) lib/rack/handler/webrick.rb:60:in `service'
  /home/sylar/.rvm/rubies/ruby-2.1.2/lib/ruby/2.1.0/webrick/httpserver.rb:138:in `service'
  /home/sylar/.rvm/rubies/ruby-2.1.2/lib/ruby/2.1.0/webrick/httpserver.rb:94:in `run'
  /home/sylar/.rvm/rubies/ruby-2.1.2/lib/ruby/2.1.0/webrick/server.rb:295:in `block in start_thread'


  Rendered /home/sylar/.rvm/gems/ruby-2.1.2/gems/actionpack-4.0.2/lib/action_dispatch/middleware/templates/rescues/_trace.erb (2.1ms)
  Rendered /home/sylar/.rvm/gems/ruby-2.1.2/gems/actionpack-4.0.2/lib/action_dispatch/middleware/templates/routes/_route.html.erb (3.2ms)
  Rendered /home/sylar/.rvm/gems/ruby-2.1.2/gems/actionpack-4.0.2/lib/action_dispatch/middleware/templates/routes/_table.html.erb (1.3ms)
  Rendered /home/sylar/.rvm/gems/ruby-2.1.2/gems/actionpack-4.0.2/lib/action_dispatch/middleware/templates/rescues/routing_error.erb within rescues/layout (27.3ms)


Started GET "/products" for 127.0.0.1 at 2014-12-01 11:30:58 -0300

ActionController::RoutingError (No route matches [GET] "/products"):
  actionpack (4.0.2) lib/action_dispatch/middleware/debug_exceptions.rb:21:in `call'
  actionpack (4.0.2) lib/action_dispatch/middleware/show_exceptions.rb:30:in `call'
  railties (4.0.2) lib/rails/rack/logger.rb:38:in `call_app'
  railties (4.0.2) lib/rails/rack/logger.rb:20:in `block in call'
  activesupport (4.0.2) lib/active_support/tagged_logging.rb:67:in `block in tagged'
  activesupport (4.0.2) lib/active_support/tagged_logging.rb:25:in `tagged'
  activesupport (4.0.2) lib/active_support/tagged_logging.rb:67:in `tagged'
  railties (4.0.2) lib/rails/rack/logger.rb:20:in `call'
  actionpack (4.0.2) lib/action_dispatch/middleware/request_id.rb:21:in `call'
  rack (1.5.2) lib/rack/methodoverride.rb:21:in `call'
  rack (1.5.2) lib/rack/runtime.rb:17:in `call'
  activesupport (4.0.2) lib/active_support/cache/strategy/local_cache.rb:83:in `call'
  rack (1.5.2) lib/rack/lock.rb:17:in `call'
  actionpack (4.0.2) lib/action_dispatch/middleware/static.rb:64:in `call'
  rack (1.5.2) lib/rack/sendfile.rb:112:in `call'
  railties (4.0.2) lib/rails/engine.rb:511:in `call'
  railties (4.0.2) lib/rails/application.rb:97:in `call'
  rack (1.5.2) lib/rack/lock.rb:17:in `call'
  rack (1.5.2) lib/rack/content_length.rb:14:in `call'
  rack (1.5.2) lib/rack/handler/webrick.rb:60:in `service'
  /home/sylar/.rvm/rubies/ruby-2.1.2/lib/ruby/2.1.0/webrick/httpserver.rb:138:in `service'
  /home/sylar/.rvm/rubies/ruby-2.1.2/lib/ruby/2.1.0/webrick/httpserver.rb:94:in `run'
  /home/sylar/.rvm/rubies/ruby-2.1.2/lib/ruby/2.1.0/webrick/server.rb:295:in `block in start_thread'


  Rendered /home/sylar/.rvm/gems/ruby-2.1.2/gems/actionpack-4.0.2/lib/action_dispatch/middleware/templates/rescues/_trace.erb (1.2ms)
  Rendered /home/sylar/.rvm/gems/ruby-2.1.2/gems/actionpack-4.0.2/lib/action_dispatch/middleware/templates/routes/_route.html.erb (2.8ms)
  Rendered /home/sylar/.rvm/gems/ruby-2.1.2/gems/actionpack-4.0.2/lib/action_dispatch/middleware/templates/routes/_table.html.erb (1.3ms)
  Rendered /home/sylar/.rvm/gems/ruby-2.1.2/gems/actionpack-4.0.2/lib/action_dispatch/middleware/templates/rescues/routing_error.erb within rescues/layout (20.5ms)


Started GET "/" for 127.0.0.1 at 2014-12-01 11:31:10 -0300
Processing by IndexController#home as HTML
  Rendered index/home.html.erb within layouts/application (0.1ms)
Completed 200 OK in 10ms (Views: 9.2ms | ActiveRecord: 0.0ms)


Started GET "/productos" for 127.0.0.1 at 2014-12-01 11:31:12 -0300

ActionController::RoutingError (No route matches [GET] "/productos"):
  actionpack (4.0.2) lib/action_dispatch/middleware/debug_exceptions.rb:21:in `call'
  actionpack (4.0.2) lib/action_dispatch/middleware/show_exceptions.rb:30:in `call'
  railties (4.0.2) lib/rails/rack/logger.rb:38:in `call_app'
  railties (4.0.2) lib/rails/rack/logger.rb:20:in `block in call'
  activesupport (4.0.2) lib/active_support/tagged_logging.rb:67:in `block in tagged'
  activesupport (4.0.2) lib/active_support/tagged_logging.rb:25:in `tagged'
  activesupport (4.0.2) lib/active_support/tagged_logging.rb:67:in `tagged'
  railties (4.0.2) lib/rails/rack/logger.rb:20:in `call'
  actionpack (4.0.2) lib/action_dispatch/middleware/request_id.rb:21:in `call'
  rack (1.5.2) lib/rack/methodoverride.rb:21:in `call'
  rack (1.5.2) lib/rack/runtime.rb:17:in `call'
  activesupport (4.0.2) lib/active_support/cache/strategy/local_cache.rb:83:in `call'
  rack (1.5.2) lib/rack/lock.rb:17:in `call'
  actionpack (4.0.2) lib/action_dispatch/middleware/static.rb:64:in `call'
  rack (1.5.2) lib/rack/sendfile.rb:112:in `call'
  railties (4.0.2) lib/rails/engine.rb:511:in `call'
  railties (4.0.2) lib/rails/application.rb:97:in `call'
  rack (1.5.2) lib/rack/lock.rb:17:in `call'
  rack (1.5.2) lib/rack/content_length.rb:14:in `call'
  rack (1.5.2) lib/rack/handler/webrick.rb:60:in `service'
  /home/sylar/.rvm/rubies/ruby-2.1.2/lib/ruby/2.1.0/webrick/httpserver.rb:138:in `service'
  /home/sylar/.rvm/rubies/ruby-2.1.2/lib/ruby/2.1.0/webrick/httpserver.rb:94:in `run'
  /home/sylar/.rvm/rubies/ruby-2.1.2/lib/ruby/2.1.0/webrick/server.rb:295:in `block in start_thread'


  Rendered /home/sylar/.rvm/gems/ruby-2.1.2/gems/actionpack-4.0.2/lib/action_dispatch/middleware/templates/rescues/_trace.erb (1.4ms)
  Rendered /home/sylar/.rvm/gems/ruby-2.1.2/gems/actionpack-4.0.2/lib/action_dispatch/middleware/templates/routes/_route.html.erb (2.3ms)
  Rendered /home/sylar/.rvm/gems/ruby-2.1.2/gems/actionpack-4.0.2/lib/action_dispatch/middleware/templates/routes/_table.html.erb (1.3ms)
  Rendered /home/sylar/.rvm/gems/ruby-2.1.2/gems/actionpack-4.0.2/lib/action_dispatch/middleware/templates/rescues/routing_error.erb within rescues/layout (21.2ms)


Started GET "/productos" for 127.0.0.1 at 2014-12-01 11:31:12 -0300

ActionController::RoutingError (No route matches [GET] "/productos"):
  actionpack (4.0.2) lib/action_dispatch/middleware/debug_exceptions.rb:21:in `call'
  actionpack (4.0.2) lib/action_dispatch/middleware/show_exceptions.rb:30:in `call'
  railties (4.0.2) lib/rails/rack/logger.rb:38:in `call_app'
  railties (4.0.2) lib/rails/rack/logger.rb:20:in `block in call'
  activesupport (4.0.2) lib/active_support/tagged_logging.rb:67:in `block in tagged'
  activesupport (4.0.2) lib/active_support/tagged_logging.rb:25:in `tagged'
  activesupport (4.0.2) lib/active_support/tagged_logging.rb:67:in `tagged'
  railties (4.0.2) lib/rails/rack/logger.rb:20:in `call'
  actionpack (4.0.2) lib/action_dispatch/middleware/request_id.rb:21:in `call'
  rack (1.5.2) lib/rack/methodoverride.rb:21:in `call'
  rack (1.5.2) lib/rack/runtime.rb:17:in `call'
  activesupport (4.0.2) lib/active_support/cache/strategy/local_cache.rb:83:in `call'
  rack (1.5.2) lib/rack/lock.rb:17:in `call'
  actionpack (4.0.2) lib/action_dispatch/middleware/static.rb:64:in `call'
  rack (1.5.2) lib/rack/sendfile.rb:112:in `call'
  railties (4.0.2) lib/rails/engine.rb:511:in `call'
  railties (4.0.2) lib/rails/application.rb:97:in `call'
  rack (1.5.2) lib/rack/lock.rb:17:in `call'
  rack (1.5.2) lib/rack/content_length.rb:14:in `call'
  rack (1.5.2) lib/rack/handler/webrick.rb:60:in `service'
  /home/sylar/.rvm/rubies/ruby-2.1.2/lib/ruby/2.1.0/webrick/httpserver.rb:138:in `service'
  /home/sylar/.rvm/rubies/ruby-2.1.2/lib/ruby/2.1.0/webrick/httpserver.rb:94:in `run'
  /home/sylar/.rvm/rubies/ruby-2.1.2/lib/ruby/2.1.0/webrick/server.rb:295:in `block in start_thread'


  Rendered /home/sylar/.rvm/gems/ruby-2.1.2/gems/actionpack-4.0.2/lib/action_dispatch/middleware/templates/rescues/_trace.erb (1.3ms)
  Rendered /home/sylar/.rvm/gems/ruby-2.1.2/gems/actionpack-4.0.2/lib/action_dispatch/middleware/templates/routes/_route.html.erb (5.0ms)
  Rendered /home/sylar/.rvm/gems/ruby-2.1.2/gems/actionpack-4.0.2/lib/action_dispatch/middleware/templates/routes/_table.html.erb (1.7ms)
  Rendered /home/sylar/.rvm/gems/ruby-2.1.2/gems/actionpack-4.0.2/lib/action_dispatch/middleware/templates/rescues/routing_error.erb within rescues/layout (25.6ms)


Started GET "/inventarios" for 127.0.0.1 at 2014-12-01 11:31:18 -0300

ActionController::RoutingError (No route matches [GET] "/inventarios"):
  actionpack (4.0.2) lib/action_dispatch/middleware/debug_exceptions.rb:21:in `call'
  actionpack (4.0.2) lib/action_dispatch/middleware/show_exceptions.rb:30:in `call'
  railties (4.0.2) lib/rails/rack/logger.rb:38:in `call_app'
  railties (4.0.2) lib/rails/rack/logger.rb:20:in `block in call'
  activesupport (4.0.2) lib/active_support/tagged_logging.rb:67:in `block in tagged'
  activesupport (4.0.2) lib/active_support/tagged_logging.rb:25:in `tagged'
  activesupport (4.0.2) lib/active_support/tagged_logging.rb:67:in `tagged'
  railties (4.0.2) lib/rails/rack/logger.rb:20:in `call'
  actionpack (4.0.2) lib/action_dispatch/middleware/request_id.rb:21:in `call'
  rack (1.5.2) lib/rack/methodoverride.rb:21:in `call'
  rack (1.5.2) lib/rack/runtime.rb:17:in `call'
  activesupport (4.0.2) lib/active_support/cache/strategy/local_cache.rb:83:in `call'
  rack (1.5.2) lib/rack/lock.rb:17:in `call'
  actionpack (4.0.2) lib/action_dispatch/middleware/static.rb:64:in `call'
  rack (1.5.2) lib/rack/sendfile.rb:112:in `call'
  railties (4.0.2) lib/rails/engine.rb:511:in `call'
  railties (4.0.2) lib/rails/application.rb:97:in `call'
  rack (1.5.2) lib/rack/lock.rb:17:in `call'
  rack (1.5.2) lib/rack/content_length.rb:14:in `call'
  rack (1.5.2) lib/rack/handler/webrick.rb:60:in `service'
  /home/sylar/.rvm/rubies/ruby-2.1.2/lib/ruby/2.1.0/webrick/httpserver.rb:138:in `service'
  /home/sylar/.rvm/rubies/ruby-2.1.2/lib/ruby/2.1.0/webrick/httpserver.rb:94:in `run'
  /home/sylar/.rvm/rubies/ruby-2.1.2/lib/ruby/2.1.0/webrick/server.rb:295:in `block in start_thread'


  Rendered /home/sylar/.rvm/gems/ruby-2.1.2/gems/actionpack-4.0.2/lib/action_dispatch/middleware/templates/rescues/_trace.erb (1.6ms)
  Rendered /home/sylar/.rvm/gems/ruby-2.1.2/gems/actionpack-4.0.2/lib/action_dispatch/middleware/templates/routes/_route.html.erb (2.0ms)
  Rendered /home/sylar/.rvm/gems/ruby-2.1.2/gems/actionpack-4.0.2/lib/action_dispatch/middleware/templates/routes/_table.html.erb (1.2ms)
  Rendered /home/sylar/.rvm/gems/ruby-2.1.2/gems/actionpack-4.0.2/lib/action_dispatch/middleware/templates/rescues/routing_error.erb within rescues/layout (20.3ms)


Started GET "/inventarios" for 127.0.0.1 at 2014-12-01 11:31:18 -0300

ActionController::RoutingError (No route matches [GET] "/inventarios"):
  actionpack (4.0.2) lib/action_dispatch/middleware/debug_exceptions.rb:21:in `call'
  actionpack (4.0.2) lib/action_dispatch/middleware/show_exceptions.rb:30:in `call'
  railties (4.0.2) lib/rails/rack/logger.rb:38:in `call_app'
  railties (4.0.2) lib/rails/rack/logger.rb:20:in `block in call'
  activesupport (4.0.2) lib/active_support/tagged_logging.rb:67:in `block in tagged'
  activesupport (4.0.2) lib/active_support/tagged_logging.rb:25:in `tagged'
  activesupport (4.0.2) lib/active_support/tagged_logging.rb:67:in `tagged'
  railties (4.0.2) lib/rails/rack/logger.rb:20:in `call'
  actionpack (4.0.2) lib/action_dispatch/middleware/request_id.rb:21:in `call'
  rack (1.5.2) lib/rack/methodoverride.rb:21:in `call'
  rack (1.5.2) lib/rack/runtime.rb:17:in `call'
  activesupport (4.0.2) lib/active_support/cache/strategy/local_cache.rb:83:in `call'
  rack (1.5.2) lib/rack/lock.rb:17:in `call'
  actionpack (4.0.2) lib/action_dispatch/middleware/static.rb:64:in `call'
  rack (1.5.2) lib/rack/sendfile.rb:112:in `call'
  railties (4.0.2) lib/rails/engine.rb:511:in `call'
  railties (4.0.2) lib/rails/application.rb:97:in `call'
  rack (1.5.2) lib/rack/lock.rb:17:in `call'
  rack (1.5.2) lib/rack/content_length.rb:14:in `call'
  rack (1.5.2) lib/rack/handler/webrick.rb:60:in `service'
  /home/sylar/.rvm/rubies/ruby-2.1.2/lib/ruby/2.1.0/webrick/httpserver.rb:138:in `service'
  /home/sylar/.rvm/rubies/ruby-2.1.2/lib/ruby/2.1.0/webrick/httpserver.rb:94:in `run'
  /home/sylar/.rvm/rubies/ruby-2.1.2/lib/ruby/2.1.0/webrick/server.rb:295:in `block in start_thread'


  Rendered /home/sylar/.rvm/gems/ruby-2.1.2/gems/actionpack-4.0.2/lib/action_dispatch/middleware/templates/rescues/_trace.erb (1.2ms)
  Rendered /home/sylar/.rvm/gems/ruby-2.1.2/gems/actionpack-4.0.2/lib/action_dispatch/middleware/templates/routes/_route.html.erb (3.0ms)
  Rendered /home/sylar/.rvm/gems/ruby-2.1.2/gems/actionpack-4.0.2/lib/action_dispatch/middleware/templates/routes/_table.html.erb (1.2ms)
  Rendered /home/sylar/.rvm/gems/ruby-2.1.2/gems/actionpack-4.0.2/lib/action_dispatch/middleware/templates/rescues/routing_error.erb within rescues/layout (20.7ms)
  [1m[36m (102.1ms)[0m  [1mCREATE TABLE `schema_migrations` (`version` varchar(255) NOT NULL) ENGINE=InnoDB[0m
  [1m[35m (343.5ms)[0m  CREATE UNIQUE INDEX `unique_schema_migrations` ON `schema_migrations` (`version`) 
  [1m[36mActiveRecord::SchemaMigration Load (0.3ms)[0m  [1mSELECT `schema_migrations`.* FROM `schema_migrations`[0m
Migrating to DeviseCreateUsers (20140219221337)
  [1m[35m (84.8ms)[0m  CREATE TABLE `users` (`id` int(11) DEFAULT NULL auto_increment PRIMARY KEY, `email` varchar(255) DEFAULT '' NOT NULL, `encrypted_password` varchar(255) DEFAULT '' NOT NULL, `reset_password_token` varchar(255), `reset_password_sent_at` datetime, `remember_created_at` datetime, `sign_in_count` int(11) DEFAULT 0 NOT NULL, `current_sign_in_at` datetime, `last_sign_in_at` datetime, `current_sign_in_ip` varchar(255), `last_sign_in_ip` varchar(255), `name` varchar(255), `address` varchar(255), `country` varchar(255), `created_at` datetime, `updated_at` datetime) ENGINE=InnoDB
  [1m[36m (188.6ms)[0m  [1mCREATE UNIQUE INDEX `index_users_on_email` ON `users` (`email`) [0m
  [1m[35m (177.4ms)[0m  CREATE UNIQUE INDEX `index_users_on_reset_password_token` ON `users` (`reset_password_token`) 
  [1m[36m (0.1ms)[0m  [1mBEGIN[0m
  [1m[35mSQL (0.4ms)[0m  INSERT INTO `schema_migrations` (`version`) VALUES ('20140219221337')
  [1m[36m (47.7ms)[0m  [1mCOMMIT[0m
  [1m[35mActiveRecord::SchemaMigration Load (0.4ms)[0m  SELECT `schema_migrations`.* FROM `schema_migrations`


Started GET "/" for 127.0.0.1 at 2014-12-01 11:39:40 -0300
  [1m[36mActiveRecord::SchemaMigration Load (0.3ms)[0m  [1mSELECT `schema_migrations`.* FROM `schema_migrations`[0m
Processing by HomeController#index as HTML
  Rendered home/index.html.erb within layouts/application (1.5ms)
Completed 200 OK in 73ms (Views: 61.6ms | ActiveRecord: 0.0ms)


Started GET "/users" for 127.0.0.1 at 2014-12-01 11:42:09 -0300

ActionController::RoutingError (No route matches [GET] "/users"):
  actionpack (4.0.2) lib/action_dispatch/middleware/debug_exceptions.rb:21:in `call'
  actionpack (4.0.2) lib/action_dispatch/middleware/show_exceptions.rb:30:in `call'
  railties (4.0.2) lib/rails/rack/logger.rb:38:in `call_app'
  railties (4.0.2) lib/rails/rack/logger.rb:20:in `block in call'
  activesupport (4.0.2) lib/active_support/tagged_logging.rb:67:in `block in tagged'
  activesupport (4.0.2) lib/active_support/tagged_logging.rb:25:in `tagged'
  activesupport (4.0.2) lib/active_support/tagged_logging.rb:67:in `tagged'
  railties (4.0.2) lib/rails/rack/logger.rb:20:in `call'
  actionpack (4.0.2) lib/action_dispatch/middleware/request_id.rb:21:in `call'
  rack (1.5.2) lib/rack/methodoverride.rb:21:in `call'
  rack (1.5.2) lib/rack/runtime.rb:17:in `call'
  activesupport (4.0.2) lib/active_support/cache/strategy/local_cache.rb:83:in `call'
  rack (1.5.2) lib/rack/lock.rb:17:in `call'
  actionpack (4.0.2) lib/action_dispatch/middleware/static.rb:64:in `call'
  rack (1.5.2) lib/rack/sendfile.rb:112:in `call'
  railties (4.0.2) lib/rails/engine.rb:511:in `call'
  railties (4.0.2) lib/rails/application.rb:97:in `call'
  rack (1.5.2) lib/rack/lock.rb:17:in `call'
  rack (1.5.2) lib/rack/content_length.rb:14:in `call'
  rack (1.5.2) lib/rack/handler/webrick.rb:60:in `service'
  /home/sylar/.rvm/rubies/ruby-2.1.2/lib/ruby/2.1.0/webrick/httpserver.rb:138:in `service'
  /home/sylar/.rvm/rubies/ruby-2.1.2/lib/ruby/2.1.0/webrick/httpserver.rb:94:in `run'
  /home/sylar/.rvm/rubies/ruby-2.1.2/lib/ruby/2.1.0/webrick/server.rb:295:in `block in start_thread'


  Rendered /home/sylar/.rvm/gems/ruby-2.1.2/gems/actionpack-4.0.2/lib/action_dispatch/middleware/templates/rescues/_trace.erb (1.1ms)
  Rendered /home/sylar/.rvm/gems/ruby-2.1.2/gems/actionpack-4.0.2/lib/action_dispatch/middleware/templates/routes/_route.html.erb (2.2ms)
  Rendered /home/sylar/.rvm/gems/ruby-2.1.2/gems/actionpack-4.0.2/lib/action_dispatch/middleware/templates/routes/_table.html.erb (4.0ms)
  Rendered /home/sylar/.rvm/gems/ruby-2.1.2/gems/actionpack-4.0.2/lib/action_dispatch/middleware/templates/rescues/routing_error.erb within rescues/layout (25.5ms)


Started GET "/users" for 127.0.0.1 at 2014-12-01 11:42:10 -0300

ActionController::RoutingError (No route matches [GET] "/users"):
  actionpack (4.0.2) lib/action_dispatch/middleware/debug_exceptions.rb:21:in `call'
  actionpack (4.0.2) lib/action_dispatch/middleware/show_exceptions.rb:30:in `call'
  railties (4.0.2) lib/rails/rack/logger.rb:38:in `call_app'
  railties (4.0.2) lib/rails/rack/logger.rb:20:in `block in call'
  activesupport (4.0.2) lib/active_support/tagged_logging.rb:67:in `block in tagged'
  activesupport (4.0.2) lib/active_support/tagged_logging.rb:25:in `tagged'
  activesupport (4.0.2) lib/active_support/tagged_logging.rb:67:in `tagged'
  railties (4.0.2) lib/rails/rack/logger.rb:20:in `call'
  actionpack (4.0.2) lib/action_dispatch/middleware/request_id.rb:21:in `call'
  rack (1.5.2) lib/rack/methodoverride.rb:21:in `call'
  rack (1.5.2) lib/rack/runtime.rb:17:in `call'
  activesupport (4.0.2) lib/active_support/cache/strategy/local_cache.rb:83:in `call'
  rack (1.5.2) lib/rack/lock.rb:17:in `call'
  actionpack (4.0.2) lib/action_dispatch/middleware/static.rb:64:in `call'
  rack (1.5.2) lib/rack/sendfile.rb:112:in `call'
  railties (4.0.2) lib/rails/engine.rb:511:in `call'
  railties (4.0.2) lib/rails/application.rb:97:in `call'
  rack (1.5.2) lib/rack/lock.rb:17:in `call'
  rack (1.5.2) lib/rack/content_length.rb:14:in `call'
  rack (1.5.2) lib/rack/handler/webrick.rb:60:in `service'
  /home/sylar/.rvm/rubies/ruby-2.1.2/lib/ruby/2.1.0/webrick/httpserver.rb:138:in `service'
  /home/sylar/.rvm/rubies/ruby-2.1.2/lib/ruby/2.1.0/webrick/httpserver.rb:94:in `run'
  /home/sylar/.rvm/rubies/ruby-2.1.2/lib/ruby/2.1.0/webrick/server.rb:295:in `block in start_thread'


  Rendered /home/sylar/.rvm/gems/ruby-2.1.2/gems/actionpack-4.0.2/lib/action_dispatch/middleware/templates/rescues/_trace.erb (1.6ms)
  Rendered /home/sylar/.rvm/gems/ruby-2.1.2/gems/actionpack-4.0.2/lib/action_dispatch/middleware/templates/routes/_route.html.erb (2.2ms)
  Rendered /home/sylar/.rvm/gems/ruby-2.1.2/gems/actionpack-4.0.2/lib/action_dispatch/middleware/templates/routes/_table.html.erb (1.7ms)
  Rendered /home/sylar/.rvm/gems/ruby-2.1.2/gems/actionpack-4.0.2/lib/action_dispatch/middleware/templates/rescues/routing_error.erb within rescues/layout (22.0ms)


Started GET "/users" for 127.0.0.1 at 2014-12-01 11:42:30 -0300

ActionController::RoutingError (No route matches [GET] "/users"):
  actionpack (4.0.2) lib/action_dispatch/middleware/debug_exceptions.rb:21:in `call'
  actionpack (4.0.2) lib/action_dispatch/middleware/show_exceptions.rb:30:in `call'
  railties (4.0.2) lib/rails/rack/logger.rb:38:in `call_app'
  railties (4.0.2) lib/rails/rack/logger.rb:20:in `block in call'
  activesupport (4.0.2) lib/active_support/tagged_logging.rb:67:in `block in tagged'
  activesupport (4.0.2) lib/active_support/tagged_logging.rb:25:in `tagged'
  activesupport (4.0.2) lib/active_support/tagged_logging.rb:67:in `tagged'
  railties (4.0.2) lib/rails/rack/logger.rb:20:in `call'
  actionpack (4.0.2) lib/action_dispatch/middleware/request_id.rb:21:in `call'
  rack (1.5.2) lib/rack/methodoverride.rb:21:in `call'
  rack (1.5.2) lib/rack/runtime.rb:17:in `call'
  activesupport (4.0.2) lib/active_support/cache/strategy/local_cache.rb:83:in `call'
  rack (1.5.2) lib/rack/lock.rb:17:in `call'
  actionpack (4.0.2) lib/action_dispatch/middleware/static.rb:64:in `call'
  rack (1.5.2) lib/rack/sendfile.rb:112:in `call'
  railties (4.0.2) lib/rails/engine.rb:511:in `call'
  railties (4.0.2) lib/rails/application.rb:97:in `call'
  rack (1.5.2) lib/rack/lock.rb:17:in `call'
  rack (1.5.2) lib/rack/content_length.rb:14:in `call'
  rack (1.5.2) lib/rack/handler/webrick.rb:60:in `service'
  /home/sylar/.rvm/rubies/ruby-2.1.2/lib/ruby/2.1.0/webrick/httpserver.rb:138:in `service'
  /home/sylar/.rvm/rubies/ruby-2.1.2/lib/ruby/2.1.0/webrick/httpserver.rb:94:in `run'
  /home/sylar/.rvm/rubies/ruby-2.1.2/lib/ruby/2.1.0/webrick/server.rb:295:in `block in start_thread'


  Rendered /home/sylar/.rvm/gems/ruby-2.1.2/gems/actionpack-4.0.2/lib/action_dispatch/middleware/templates/rescues/_trace.erb (2.4ms)
  Rendered /home/sylar/.rvm/gems/ruby-2.1.2/gems/actionpack-4.0.2/lib/action_dispatch/middleware/templates/routes/_route.html.erb (3.4ms)
  Rendered /home/sylar/.rvm/gems/ruby-2.1.2/gems/actionpack-4.0.2/lib/action_dispatch/middleware/templates/routes/_table.html.erb (1.6ms)
  Rendered /home/sylar/.rvm/gems/ruby-2.1.2/gems/actionpack-4.0.2/lib/action_dispatch/middleware/templates/rescues/routing_error.erb within rescues/layout (26.6ms)


Started GET "/users" for 127.0.0.1 at 2014-12-01 11:42:30 -0300

ActionController::RoutingError (No route matches [GET] "/users"):
  actionpack (4.0.2) lib/action_dispatch/middleware/debug_exceptions.rb:21:in `call'
  actionpack (4.0.2) lib/action_dispatch/middleware/show_exceptions.rb:30:in `call'
  railties (4.0.2) lib/rails/rack/logger.rb:38:in `call_app'
  railties (4.0.2) lib/rails/rack/logger.rb:20:in `block in call'
  activesupport (4.0.2) lib/active_support/tagged_logging.rb:67:in `block in tagged'
  activesupport (4.0.2) lib/active_support/tagged_logging.rb:25:in `tagged'
  activesupport (4.0.2) lib/active_support/tagged_logging.rb:67:in `tagged'
  railties (4.0.2) lib/rails/rack/logger.rb:20:in `call'
  actionpack (4.0.2) lib/action_dispatch/middleware/request_id.rb:21:in `call'
  rack (1.5.2) lib/rack/methodoverride.rb:21:in `call'
  rack (1.5.2) lib/rack/runtime.rb:17:in `call'
  activesupport (4.0.2) lib/active_support/cache/strategy/local_cache.rb:83:in `call'
  rack (1.5.2) lib/rack/lock.rb:17:in `call'
  actionpack (4.0.2) lib/action_dispatch/middleware/static.rb:64:in `call'
  rack (1.5.2) lib/rack/sendfile.rb:112:in `call'
  railties (4.0.2) lib/rails/engine.rb:511:in `call'
  railties (4.0.2) lib/rails/application.rb:97:in `call'
  rack (1.5.2) lib/rack/lock.rb:17:in `call'
  rack (1.5.2) lib/rack/content_length.rb:14:in `call'
  rack (1.5.2) lib/rack/handler/webrick.rb:60:in `service'
  /home/sylar/.rvm/rubies/ruby-2.1.2/lib/ruby/2.1.0/webrick/httpserver.rb:138:in `service'
  /home/sylar/.rvm/rubies/ruby-2.1.2/lib/ruby/2.1.0/webrick/httpserver.rb:94:in `run'
  /home/sylar/.rvm/rubies/ruby-2.1.2/lib/ruby/2.1.0/webrick/server.rb:295:in `block in start_thread'


  Rendered /home/sylar/.rvm/gems/ruby-2.1.2/gems/actionpack-4.0.2/lib/action_dispatch/middleware/templates/rescues/_trace.erb (1.4ms)
  Rendered /home/sylar/.rvm/gems/ruby-2.1.2/gems/actionpack-4.0.2/lib/action_dispatch/middleware/templates/routes/_route.html.erb (3.4ms)
  Rendered /home/sylar/.rvm/gems/ruby-2.1.2/gems/actionpack-4.0.2/lib/action_dispatch/middleware/templates/routes/_table.html.erb (1.2ms)
  Rendered /home/sylar/.rvm/gems/ruby-2.1.2/gems/actionpack-4.0.2/lib/action_dispatch/middleware/templates/rescues/routing_error.erb within rescues/layout (22.3ms)


Started GET "/" for 127.0.0.1 at 2014-12-01 11:55:28 -0300
Processing by HomeController#index as HTML
  Rendered home/index.html.erb within layouts/application (0.0ms)
Completed 500 Internal Server Error in 15ms

ActionView::Template::Error (Missing partial users/sign_in with {:locale=>[:en], :formats=>[:html], :handlers=>[:erb, :builder, :raw, :ruby, :jbuilder]}. Searched in:
  * "/home/sylar/proyectos/croner/CronerWebApp/app/views"
  * "/home/sylar/.rvm/gems/ruby-2.1.2/gems/devise-3.2.2/app/views"
):
    13: 	<% if user_signed_in? %>
    14: 		<%= render 'layouts/dashboard' %>
    15: 	<% else %>
    16: 		<%= render new_user_session_path %>
    17: 	<% end %>
    18: 
    19: 	<script src="/js/bootstrap/transition.js"></script>
  app/views/layouts/application.html.erb:16:in `_app_views_layouts_application_html_erb__550672824231210595_70314190329020'


  Rendered /home/sylar/.rvm/gems/ruby-2.1.2/gems/actionpack-4.0.2/lib/action_dispatch/middleware/templates/rescues/_trace.erb (1.4ms)
  Rendered /home/sylar/.rvm/gems/ruby-2.1.2/gems/actionpack-4.0.2/lib/action_dispatch/middleware/templates/rescues/_request_and_response.erb (1.0ms)
  Rendered /home/sylar/.rvm/gems/ruby-2.1.2/gems/actionpack-4.0.2/lib/action_dispatch/middleware/templates/rescues/template_error.erb within rescues/layout (10.5ms)


Started GET "/" for 127.0.0.1 at 2014-12-01 11:56:41 -0300
Processing by HomeController#index as HTML
  Rendered home/index.html.erb within layouts/application (0.1ms)
Completed 500 Internal Server Error in 18ms

ActionView::Template::Error (undefined method `redirect_to' for #<#<Class:0x007fe698ac2b88>:0x007fe698cc3d10>):
    13: 	<% if user_signed_in? %>
    14: 		<%= render 'layouts/dashboard' %>
    15: 	<% else %>
    16: 		<% redirect_to new_user_session_path %>
    17: 	<% end %>
    18: 
    19: 	<script src="/js/bootstrap/transition.js"></script>
  app/views/layouts/application.html.erb:16:in `_app_views_layouts_application_html_erb__550672824231210595_70314191356900'


  Rendered /home/sylar/.rvm/gems/ruby-2.1.2/gems/actionpack-4.0.2/lib/action_dispatch/middleware/templates/rescues/_trace.erb (1.2ms)
  Rendered /home/sylar/.rvm/gems/ruby-2.1.2/gems/actionpack-4.0.2/lib/action_dispatch/middleware/templates/rescues/_request_and_response.erb (1.5ms)
  Rendered /home/sylar/.rvm/gems/ruby-2.1.2/gems/actionpack-4.0.2/lib/action_dispatch/middleware/templates/rescues/template_error.erb within rescues/layout (10.0ms)


Started GET "/" for 127.0.0.1 at 2014-12-01 11:57:00 -0300
Processing by HomeController#index as HTML
  Rendered home/index.html.erb within layouts/application (0.2ms)
Completed 500 Internal Server Error in 21ms

ActionView::Template::Error (undefined method `redirect_to' for #<#<Class:0x007fe698ac2b88>:0x007fe698fd0968>):
    13: 	<% if user_signed_in? %>
    14: 		<%= render 'layouts/dashboard' %>
    15: 	<% else %>
    16: 		<%= redirect_to new_user_session_path %>
    17: 	<% end %>
    18: 
    19: 	<script src="/js/bootstrap/transition.js"></script>
  app/views/layouts/application.html.erb:16:in `_app_views_layouts_application_html_erb__550672824231210595_70314192972340'


  Rendered /home/sylar/.rvm/gems/ruby-2.1.2/gems/actionpack-4.0.2/lib/action_dispatch/middleware/templates/rescues/_trace.erb (1.2ms)
  Rendered /home/sylar/.rvm/gems/ruby-2.1.2/gems/actionpack-4.0.2/lib/action_dispatch/middleware/templates/rescues/_request_and_response.erb (1.0ms)
  Rendered /home/sylar/.rvm/gems/ruby-2.1.2/gems/actionpack-4.0.2/lib/action_dispatch/middleware/templates/rescues/template_error.erb within rescues/layout (9.2ms)


Started GET "/" for 127.0.0.1 at 2014-12-01 11:57:15 -0300
Processing by HomeController#index as HTML
  Rendered home/index.html.erb within layouts/application (0.0ms)
Completed 500 Internal Server Error in 19ms

ActionView::Template::Error (undefined method `redirect_to' for #<#<Class:0x007fe698ac2b88>:0x007fe6992dc8c8>):
    13: 	<% if user_signed_in? %>
    14: 		<%= render 'layouts/dashboard' %>
    15: 	<% else %>
    16: 		<% redirect_to :new_user_session_path %>
    17: 	<% end %>
    18: 
    19: 	<script src="/js/bootstrap/transition.js"></script>
  app/views/layouts/application.html.erb:16:in `_app_views_layouts_application_html_erb__550672824231210595_70314194569700'


  Rendered /home/sylar/.rvm/gems/ruby-2.1.2/gems/actionpack-4.0.2/lib/action_dispatch/middleware/templates/rescues/_trace.erb (1.4ms)
  Rendered /home/sylar/.rvm/gems/ruby-2.1.2/gems/actionpack-4.0.2/lib/action_dispatch/middleware/templates/rescues/_request_and_response.erb (0.9ms)
  Rendered /home/sylar/.rvm/gems/ruby-2.1.2/gems/actionpack-4.0.2/lib/action_dispatch/middleware/templates/rescues/template_error.erb within rescues/layout (9.7ms)


Started GET "/" for 127.0.0.1 at 2014-12-01 11:57:47 -0300
Processing by HomeController#index as HTML
  Rendered home/index.html.erb within layouts/application (0.1ms)
Completed 500 Internal Server Error in 21ms

ActionView::Template::Error (undefined method `redirect_to' for #<#<Class:0x007fe698ac2b88>:0x007fe6995eeb38>):
    13: 	<% if user_signed_in? %>
    14: 		<%= render 'layouts/dashboard' %>
    15: 	<% else %>
    16: 		<% redirect_to '/user/sign_in' %>
    17: 	<% end %>
    18: 
    19: 	<script src="/js/bootstrap/transition.js"></script>
  app/views/layouts/application.html.erb:16:in `_app_views_layouts_application_html_erb__550672824231210595_70314196196040'


  Rendered /home/sylar/.rvm/gems/ruby-2.1.2/gems/actionpack-4.0.2/lib/action_dispatch/middleware/templates/rescues/_trace.erb (1.2ms)
  Rendered /home/sylar/.rvm/gems/ruby-2.1.2/gems/actionpack-4.0.2/lib/action_dispatch/middleware/templates/rescues/_request_and_response.erb (0.9ms)
  Rendered /home/sylar/.rvm/gems/ruby-2.1.2/gems/actionpack-4.0.2/lib/action_dispatch/middleware/templates/rescues/template_error.erb within rescues/layout (9.1ms)


Started GET "/" for 127.0.0.1 at 2014-12-01 11:58:43 -0300
Processing by HomeController#index as HTML
  Rendered home/index.html.erb within layouts/application (0.0ms)
Completed 500 Internal Server Error in 10ms

ActionView::Template::Error (Missing partial users/sign_in with {:locale=>[:en], :formats=>[:html], :handlers=>[:erb, :builder, :raw, :ruby, :jbuilder]}. Searched in:
  * "/home/sylar/proyectos/croner/CronerWebApp/app/views"
  * "/home/sylar/.rvm/gems/ruby-2.1.2/gems/devise-3.2.2/app/views"
):
    13: 	<% if user_signed_in? %>
    14: 		<%= render 'layouts/dashboard' %>
    15: 	<% else %>
    16: 		<%= render new_user_session_path %>
    17: 	<% end %>
    18: 
    19: 	<script src="/js/bootstrap/transition.js"></script>
  app/views/layouts/application.html.erb:16:in `_app_views_layouts_application_html_erb__550672824231210595_70314197798360'


  Rendered /home/sylar/.rvm/gems/ruby-2.1.2/gems/actionpack-4.0.2/lib/action_dispatch/middleware/templates/rescues/_trace.erb (1.4ms)
  Rendered /home/sylar/.rvm/gems/ruby-2.1.2/gems/actionpack-4.0.2/lib/action_dispatch/middleware/templates/rescues/_request_and_response.erb (0.9ms)
  Rendered /home/sylar/.rvm/gems/ruby-2.1.2/gems/actionpack-4.0.2/lib/action_dispatch/middleware/templates/rescues/template_error.erb within rescues/layout (10.0ms)


Started GET "/" for 127.0.0.1 at 2014-12-01 12:03:39 -0300
  [1m[36mActiveRecord::SchemaMigration Load (0.3ms)[0m  [1mSELECT `schema_migrations`.* FROM `schema_migrations`[0m
Processing by HomeController#index as HTML
  Rendered home/index.html.erb within layouts/application (1.2ms)
Completed 500 Internal Server Error in 76ms

ActionView::Template::Error (Missing partial users/sign_in with {:locale=>[:en], :formats=>[:html], :handlers=>[:erb, :builder, :raw, :ruby, :jbuilder]}. Searched in:
  * "/home/sylar/proyectos/croner/CronerWebApp/app/views"
  * "/home/sylar/.rvm/gems/ruby-2.1.2/gems/devise-3.2.2/app/views"
):
    13: 	<% if user_signed_in? %>
    14: 		<%= render 'layouts/dashboard' %>
    15: 	<% else %>
    16: 		<%= render new_user_session_path %>
    17: 	<% end %>
    18: 
    19: 	<script src="/js/bootstrap/transition.js"></script>
  app/views/layouts/application.html.erb:16:in `_app_views_layouts_application_html_erb___2899421157574967095_23204180'


  Rendered /home/sylar/.rvm/gems/ruby-2.1.2/gems/actionpack-4.0.2/lib/action_dispatch/middleware/templates/rescues/_trace.erb (1.3ms)
  Rendered /home/sylar/.rvm/gems/ruby-2.1.2/gems/actionpack-4.0.2/lib/action_dispatch/middleware/templates/rescues/_request_and_response.erb (1.0ms)
  Rendered /home/sylar/.rvm/gems/ruby-2.1.2/gems/actionpack-4.0.2/lib/action_dispatch/middleware/templates/rescues/template_error.erb within rescues/layout (9.5ms)


Started GET "/" for 127.0.0.1 at 2014-12-01 12:07:54 -0300
Processing by HomeController#index as HTML
  Rendered home/index.html.erb within layouts/application (0.1ms)
Completed 500 Internal Server Error in 21ms

ActionView::Template::Error (undefined method `redirect_to' for #<#<Class:0x00000002ce5d90>:0x00000002bebf20>):
    13: 	<% if user_signed_in? %>
    14: 		<%= render 'layouts/dashboard' %>
    15: 	<% else %>
    16: 		<%= redirect_to :controller => 'users', :action => 'sign_in' %>
    17: 	<% end %>
    18: 
    19: 	<script src="/js/bootstrap/transition.js"></script>
  app/views/layouts/application.html.erb:16:in `_app_views_layouts_application_html_erb___2899421157574967095_23017060'


  Rendered /home/sylar/.rvm/gems/ruby-2.1.2/gems/actionpack-4.0.2/lib/action_dispatch/middleware/templates/rescues/_trace.erb (1.3ms)
  Rendered /home/sylar/.rvm/gems/ruby-2.1.2/gems/actionpack-4.0.2/lib/action_dispatch/middleware/templates/rescues/_request_and_response.erb (1.2ms)
  Rendered /home/sylar/.rvm/gems/ruby-2.1.2/gems/actionpack-4.0.2/lib/action_dispatch/middleware/templates/rescues/template_error.erb within rescues/layout (10.0ms)


Started GET "/" for 127.0.0.1 at 2014-12-01 12:13:28 -0300
Processing by HomeController#index as HTML
  Rendered home/index.html.erb within layouts/application (0.1ms)
Completed 500 Internal Server Error in 16ms

ActionView::Template::Error (undefined local variable or method `go_sign_in' for #<#<Class:0x007f0d3c9571a8>:0x007f0d3c9565a0>):
    13: 	<% if user_signed_in? %>
    14: 		<%= render 'layouts/dashboard' %>
    15: 	<% else %>
    16: 		<% go_sign_in %>
    17: 	<% end %>
    18: 
    19: 	<script src="/js/bootstrap/transition.js"></script>
  app/views/layouts/application.html.erb:16:in `_app_views_layouts_application_html_erb___2899421157574967095_69847413880880'


  Rendered /home/sylar/.rvm/gems/ruby-2.1.2/gems/actionpack-4.0.2/lib/action_dispatch/middleware/templates/rescues/_trace.erb (1.3ms)
  Rendered /home/sylar/.rvm/gems/ruby-2.1.2/gems/actionpack-4.0.2/lib/action_dispatch/middleware/templates/rescues/_request_and_response.erb (1.0ms)
  Rendered /home/sylar/.rvm/gems/ruby-2.1.2/gems/actionpack-4.0.2/lib/action_dispatch/middleware/templates/rescues/template_error.erb within rescues/layout (10.1ms)


Started GET "/" for 127.0.0.1 at 2014-12-01 12:13:58 -0300
Processing by HomeController#index as HTML
  Rendered home/index.html.erb within layouts/application (0.1ms)
Completed 200 OK in 10ms (Views: 9.5ms | ActiveRecord: 0.0ms)


Started GET "/assets/application.css?body=1" for 127.0.0.1 at 2014-12-01 12:13:59 -0300


Started GET "/assets/style.css?body=1" for 127.0.0.1 at 2014-12-01 12:13:59 -0300


Started GET "/assets/application.js?body=1" for 127.0.0.1 at 2014-12-01 12:13:59 -0300


Started GET "/assets/index.js?body=1" for 127.0.0.1 at 2014-12-01 12:13:59 -0300


Started GET "/users/sign_in" for 127.0.0.1 at 2014-12-01 12:14:28 -0300
Processing by Devise::SessionsController#new as HTML
  Rendered devise/shared/_links.erb (2.2ms)
  Rendered devise/sessions/new.html.erb within layouts/application (21.8ms)
Completed 200 OK in 47ms (Views: 28.3ms | ActiveRecord: 1.2ms)


Started GET "/assets/application.css?body=1" for 127.0.0.1 at 2014-12-01 12:14:28 -0300


Started GET "/assets/index.js?body=1" for 127.0.0.1 at 2014-12-01 12:14:28 -0300


Started GET "/assets/style.css?body=1" for 127.0.0.1 at 2014-12-01 12:14:28 -0300


Started GET "/assets/application.js?body=1" for 127.0.0.1 at 2014-12-01 12:14:28 -0300


Started GET "/users/sign_in" for 127.0.0.1 at 2014-12-01 12:14:31 -0300
Processing by Devise::SessionsController#new as HTML
  Rendered devise/shared/_links.erb (0.4ms)
  Rendered devise/sessions/new.html.erb within layouts/application (4.6ms)
Completed 200 OK in 14ms (Views: 12.5ms | ActiveRecord: 0.0ms)


Started GET "/assets/index.js?body=1" for 127.0.0.1 at 2014-12-01 12:14:31 -0300


Started GET "/assets/style.css?body=1" for 127.0.0.1 at 2014-12-01 12:14:31 -0300


Started GET "/assets/application.css?body=1" for 127.0.0.1 at 2014-12-01 12:14:31 -0300


Started GET "/assets/application.js?body=1" for 127.0.0.1 at 2014-12-01 12:14:31 -0300


Started GET "/" for 127.0.0.1 at 2014-12-01 12:14:57 -0300
Processing by HomeController#index as HTML
  Rendered home/index.html.erb within layouts/application (0.1ms)
Completed 200 OK in 13ms (Views: 12.0ms | ActiveRecord: 0.0ms)


Started GET "/assets/application.css?body=1" for 127.0.0.1 at 2014-12-01 12:14:57 -0300


Started GET "/assets/application.js?body=1" for 127.0.0.1 at 2014-12-01 12:14:57 -0300


Started GET "/assets/index.js?body=1" for 127.0.0.1 at 2014-12-01 12:14:57 -0300


Started GET "/assets/style.css?body=1" for 127.0.0.1 at 2014-12-01 12:14:57 -0300


Started GET "/assets/application.css?body=1" for 127.0.0.1 at 2014-12-01 12:15:05 -0300


Started GET "/assets/style.css?body=1" for 127.0.0.1 at 2014-12-01 12:15:05 -0300


Started GET "/" for 127.0.0.1 at 2014-12-01 12:16:03 -0300
Processing by HomeController#index as HTML
  Rendered home/index.html.erb within layouts/application (0.1ms)
Completed 200 OK in 7ms (Views: 6.0ms | ActiveRecord: 0.0ms)


Started GET "/assets/application.css?body=1" for 127.0.0.1 at 2014-12-01 12:16:03 -0300


Started GET "/assets/index.js?body=1" for 127.0.0.1 at 2014-12-01 12:16:03 -0300


Started GET "/assets/style.css?body=1" for 127.0.0.1 at 2014-12-01 12:16:03 -0300


Started GET "/assets/application.js?body=1" for 127.0.0.1 at 2014-12-01 12:16:03 -0300


Started GET "/users/sign_in" for 127.0.0.1 at 2014-12-01 12:16:51 -0300
Processing by Devise::SessionsController#new as HTML
  Rendered devise/shared/_links.erb (0.5ms)
  Rendered devise/sessions/new.html.erb within layouts/application (3.6ms)
Completed 200 OK in 30ms (Views: 10.6ms | ActiveRecord: 2.3ms)


Started GET "/assets/application.css?body=1" for 127.0.0.1 at 2014-12-01 12:16:51 -0300


Started GET "/assets/style.css?body=1" for 127.0.0.1 at 2014-12-01 12:16:51 -0300


Started GET "/assets/application.js?body=1" for 127.0.0.1 at 2014-12-01 12:16:51 -0300


Started GET "/assets/index.js?body=1" for 127.0.0.1 at 2014-12-01 12:16:51 -0300


Started GET "/users/sign_up" for 127.0.0.1 at 2014-12-01 12:16:56 -0300
Processing by Devise::RegistrationsController#new as HTML
  Rendered devise/shared/_links.erb (0.6ms)
  Rendered devise/registrations/new.html.erb within layouts/application (7.3ms)
Completed 200 OK in 16ms (Views: 14.6ms | ActiveRecord: 0.0ms)


Started GET "/assets/application.css?body=1" for 127.0.0.1 at 2014-12-01 12:16:56 -0300


Started GET "/assets/style.css?body=1" for 127.0.0.1 at 2014-12-01 12:16:56 -0300


Started GET "/assets/index.js?body=1" for 127.0.0.1 at 2014-12-01 12:16:56 -0300


Started GET "/assets/application.js?body=1" for 127.0.0.1 at 2014-12-01 12:16:57 -0300


Started GET "/users/sign_up" for 127.0.0.1 at 2014-12-01 12:23:28 -0300
Processing by Devise::RegistrationsController#new as HTML
  Rendered devise/shared/_links.erb (0.4ms)
  Rendered devise/registrations/new.html.erb within layouts/application (18.1ms)
  Rendered layouts/_navigation_links.html.erb (1.3ms)
  Rendered layouts/_navigation.html.erb (2.3ms)
Completed 200 OK in 33ms (Views: 28.0ms | ActiveRecord: 2.3ms)


Started GET "/assets/application.css?body=1" for 127.0.0.1 at 2014-12-01 12:23:28 -0300


Started GET "/assets/style.css?body=1" for 127.0.0.1 at 2014-12-01 12:23:28 -0300


Started GET "/assets/index.js?body=1" for 127.0.0.1 at 2014-12-01 12:23:28 -0300


Started GET "/assets/application.js?body=1" for 127.0.0.1 at 2014-12-01 12:23:28 -0300


Started GET "/" for 127.0.0.1 at 2014-12-01 12:23:35 -0300
Processing by HomeController#index as HTML
  Rendered home/index.html.erb within layouts/application (0.2ms)
  Rendered layouts/_navigation_links.html.erb (0.8ms)
  Rendered layouts/_navigation.html.erb (1.4ms)
Completed 200 OK in 13ms (Views: 11.5ms | ActiveRecord: 0.0ms)


Started GET "/assets/application.css?body=1" for 127.0.0.1 at 2014-12-01 12:23:36 -0300


Started GET "/assets/index.js?body=1" for 127.0.0.1 at 2014-12-01 12:23:36 -0300


Started GET "/assets/style.css?body=1" for 127.0.0.1 at 2014-12-01 12:23:36 -0300


Started GET "/assets/application.js?body=1" for 127.0.0.1 at 2014-12-01 12:23:36 -0300


Started GET "/users/sign_in" for 127.0.0.1 at 2014-12-01 12:23:45 -0300
Processing by Devise::SessionsController#new as HTML
  Rendered devise/shared/_links.erb (0.5ms)
  Rendered devise/sessions/new.html.erb within layouts/application (3.0ms)
  Rendered layouts/_navigation_links.html.erb (0.9ms)
  Rendered layouts/_navigation.html.erb (2.4ms)
Completed 200 OK in 20ms (Views: 18.6ms | ActiveRecord: 0.0ms)


Started GET "/users/sign_up" for 127.0.0.1 at 2014-12-01 12:23:48 -0300
Processing by Devise::RegistrationsController#new as HTML
  Rendered devise/shared/_links.erb (0.3ms)
  Rendered devise/registrations/new.html.erb within layouts/application (3.9ms)
  Rendered layouts/_navigation_links.html.erb (0.7ms)
  Rendered layouts/_navigation.html.erb (1.3ms)
Completed 200 OK in 12ms (Views: 11.6ms | ActiveRecord: 0.0ms)


Started GET "/users/sign_up" for 127.0.0.1 at 2014-12-01 12:24:41 -0300
Processing by Devise::RegistrationsController#new as HTML
  Rendered devise/shared/_links.erb (0.3ms)
  Rendered devise/registrations/new.html.erb within layouts/application (4.4ms)
  Rendered layouts/_navigation_links.html.erb (0.6ms)
  Rendered layouts/_navigation.html.erb (1.1ms)
  Rendered layouts/_dashboard.html.erb (0.5ms)
Completed 200 OK in 16ms (Views: 14.7ms | ActiveRecord: 0.0ms)


Started GET "/assets/application.css?body=1" for 127.0.0.1 at 2014-12-01 12:24:41 -0300


Started GET "/assets/index.js?body=1" for 127.0.0.1 at 2014-12-01 12:24:41 -0300


Started GET "/assets/application.js?body=1" for 127.0.0.1 at 2014-12-01 12:24:41 -0300


Started GET "/assets/style.css?body=1" for 127.0.0.1 at 2014-12-01 12:24:41 -0300


Started GET "/" for 127.0.0.1 at 2014-12-01 12:24:51 -0300
Processing by HomeController#index as HTML
  Rendered home/index.html.erb within layouts/application (0.1ms)
  Rendered layouts/_navigation_links.html.erb (0.7ms)
  Rendered layouts/_navigation.html.erb (1.3ms)
  Rendered layouts/_dashboard.html.erb (0.1ms)
Completed 200 OK in 12ms (Views: 11.4ms | ActiveRecord: 0.0ms)


Started GET "/assets/application.css?body=1" for 127.0.0.1 at 2014-12-01 12:24:51 -0300


Started GET "/assets/index.js?body=1" for 127.0.0.1 at 2014-12-01 12:24:51 -0300


Started GET "/assets/style.css?body=1" for 127.0.0.1 at 2014-12-01 12:24:51 -0300


Started GET "/assets/application.js?body=1" for 127.0.0.1 at 2014-12-01 12:24:51 -0300


Started GET "/" for 127.0.0.1 at 2014-12-01 12:32:28 -0300
  [1m[36mActiveRecord::SchemaMigration Load (0.2ms)[0m  [1mSELECT `schema_migrations`.* FROM `schema_migrations`[0m
Processing by HomeController#index as HTML
  Rendered home/index.html.erb within layouts/application (1.3ms)
  Rendered layouts/_navigation_links.html.erb (5.2ms)
  Rendered layouts/_navigation.html.erb (6.2ms)
Completed 500 Internal Server Error in 95ms

ActionView::Template::Error (Missing partial layouts/dashboard with {:locale=>[:en], :formats=>[:html], :handlers=>[:erb, :builder, :raw, :ruby, :jbuilder]}. Searched in:
  * "/home/sylar/proyectos/croner/CronerWebApp/app/views"
  * "/home/sylar/.rvm/gems/ruby-2.1.2/gems/devise-3.2.2/app/views"
):
    16:     </header>   
    17: 
    18:     <main>
    19:     	<%= render 'layouts/dashboard' %>
    20:     </main>
    21: 
    22: 	<script src="/js/bootstrap/transition.js"></script>
  app/views/layouts/application.html.erb:19:in `_app_views_layouts_application_html_erb__4609041428022993870_34072940'


  Rendered /home/sylar/.rvm/gems/ruby-2.1.2/gems/actionpack-4.0.2/lib/action_dispatch/middleware/templates/rescues/_trace.erb (1.3ms)
  Rendered /home/sylar/.rvm/gems/ruby-2.1.2/gems/actionpack-4.0.2/lib/action_dispatch/middleware/templates/rescues/_request_and_response.erb (1.1ms)
  Rendered /home/sylar/.rvm/gems/ruby-2.1.2/gems/actionpack-4.0.2/lib/action_dispatch/middleware/templates/rescues/template_error.erb within rescues/layout (9.8ms)


Started GET "/" for 127.0.0.1 at 2014-12-01 12:33:05 -0300
Processing by HomeController#index as HTML
  Rendered home/index.html.erb within layouts/application (0.1ms)
  Rendered layouts/_navigation_links.html.erb (0.8ms)
  Rendered layouts/_navigation.html.erb (1.5ms)
Completed 200 OK in 11ms (Views: 9.7ms | ActiveRecord: 0.0ms)


Started GET "/assets/application.css?body=1" for 127.0.0.1 at 2014-12-01 12:33:05 -0300


Started GET "/assets/index.js?body=1" for 127.0.0.1 at 2014-12-01 12:33:05 -0300


Started GET "/assets/style.css?body=1" for 127.0.0.1 at 2014-12-01 12:33:05 -0300


Started GET "/assets/client.js?body=1" for 127.0.0.1 at 2014-12-01 12:33:05 -0300


Started GET "/assets/application.js?body=1" for 127.0.0.1 at 2014-12-01 12:33:05 -0300


Started GET "/" for 127.0.0.1 at 2014-12-01 12:33:10 -0300
Processing by HomeController#index as HTML
  Rendered home/index.html.erb within layouts/application (0.9ms)
  Rendered layouts/_navigation_links.html.erb (1.2ms)
  Rendered layouts/_navigation.html.erb (2.3ms)
Completed 200 OK in 15ms (Views: 13.3ms | ActiveRecord: 0.0ms)


Started GET "/users/sign_in" for 127.0.0.1 at 2014-12-01 12:33:13 -0300
Processing by Devise::SessionsController#new as HTML
  Rendered devise/shared/_links.erb (1.5ms)
  Rendered devise/sessions/new.html.erb within layouts/application (19.4ms)
  Rendered layouts/_navigation_links.html.erb (0.8ms)
  Rendered layouts/_navigation.html.erb (1.6ms)
Completed 200 OK in 46ms (Views: 28.7ms | ActiveRecord: 1.7ms)


Started GET "/users/sign_up" for 127.0.0.1 at 2014-12-01 12:33:25 -0300
Processing by Devise::RegistrationsController#new as HTML
  Rendered devise/shared/_links.erb (0.6ms)
  Rendered devise/registrations/new.html.erb within layouts/application (7.2ms)
  Rendered layouts/_navigation_links.html.erb (0.6ms)
  Rendered layouts/_navigation.html.erb (1.2ms)
Completed 200 OK in 18ms (Views: 17.0ms | ActiveRecord: 0.0ms)


Started GET "/users/sign_in" for 127.0.0.1 at 2014-12-01 12:33:27 -0300
Processing by Devise::SessionsController#new as HTML
  Rendered devise/shared/_links.erb (0.8ms)
  Rendered devise/sessions/new.html.erb within layouts/application (4.3ms)
  Rendered layouts/_navigation_links.html.erb (0.6ms)
  Rendered layouts/_navigation.html.erb (1.3ms)
Completed 200 OK in 16ms (Views: 15.0ms | ActiveRecord: 0.0ms)


Started GET "/client" for 127.0.0.1 at 2014-12-01 12:33:38 -0300
Processing by ClientController#index as HTML
  Rendered client/index.html.erb within layouts/application (1.1ms)
  Rendered layouts/_navigation_links.html.erb (0.8ms)
  Rendered layouts/_navigation.html.erb (1.4ms)
Completed 200 OK in 13ms (Views: 11.7ms | ActiveRecord: 0.0ms)


Started GET "/assets/style.css?body=1" for 127.0.0.1 at 2014-12-01 12:33:38 -0300


Started GET "/assets/client.js?body=1" for 127.0.0.1 at 2014-12-01 12:33:38 -0300


Started GET "/assets/index.js?body=1" for 127.0.0.1 at 2014-12-01 12:33:38 -0300


Started GET "/assets/application.js?body=1" for 127.0.0.1 at 2014-12-01 12:33:38 -0300


Started GET "/assets/application.css?body=1" for 127.0.0.1 at 2014-12-01 12:33:38 -0300
  [1m[36mActiveRecord::SchemaMigration Load (0.3ms)[0m  [1mSELECT `schema_migrations`.* FROM `schema_migrations`[0m
Migrating to CreateCustomers (20141201154008)
  [1m[35m (110.0ms)[0m  CREATE TABLE `customers` (`id` int(11) DEFAULT NULL auto_increment PRIMARY KEY, `name` varchar(255), `type` varchar(255), `status` int(11), `rut` varchar(255), `email` varchar(255), `created_at` datetime, `updated_at` datetime) ENGINE=InnoDB
  [1m[36m (222.1ms)[0m  [1mALTER TABLE `users` ADD `customer_id` int(11) NOT NULL[0m
  [1m[35m (165.6ms)[0m  CREATE INDEX `index_users_on_customer_id` ON `users` (`customer_id`) 
  [1m[36m (0.4ms)[0m  [1mBEGIN[0m
  [1m[35mSQL (0.5ms)[0m  INSERT INTO `schema_migrations` (`version`) VALUES ('20141201154008')
  [1m[36m (36.2ms)[0m  [1mCOMMIT[0m
  [1m[35mActiveRecord::SchemaMigration Load (0.6ms)[0m  SELECT `schema_migrations`.* FROM `schema_migrations`


Started GET "/" for 127.0.0.1 at 2014-12-01 12:46:04 -0300
  [1m[36mActiveRecord::SchemaMigration Load (0.1ms)[0m  [1mSELECT `schema_migrations`.* FROM `schema_migrations`[0m
Processing by HomeController#index as HTML
  Rendered home/index.html.erb within layouts/application (1.5ms)
  Rendered layouts/_navigation_links.html.erb (5.2ms)
  Rendered layouts/_navigation.html.erb (6.2ms)
Completed 200 OK in 93ms (Views: 82.7ms | ActiveRecord: 0.0ms)


Started GET "/assets/customers.js?body=1" for 127.0.0.1 at 2014-12-01 12:46:04 -0300


Started GET "/assets/application.js?body=1" for 127.0.0.1 at 2014-12-01 12:46:04 -0300


Started GET "/assets/style.css?body=1" for 127.0.0.1 at 2014-12-01 12:46:04 -0300


Started GET "/assets/application.css?body=1" for 127.0.0.1 at 2014-12-01 12:46:04 -0300


Started GET "/assets/index.js?body=1" for 127.0.0.1 at 2014-12-01 12:46:04 -0300


Started GET "/" for 127.0.0.1 at 2014-12-01 12:46:14 -0300
Processing by HomeController#index as HTML
  Rendered home/index.html.erb within layouts/application (0.3ms)
  Rendered layouts/_navigation_links.html.erb (1.2ms)
  Rendered layouts/_navigation.html.erb (2.6ms)
Completed 200 OK in 11ms (Views: 10.1ms | ActiveRecord: 0.0ms)


Started GET "/users/sign_in" for 127.0.0.1 at 2014-12-01 12:46:17 -0300
Processing by Devise::SessionsController#new as HTML
  Rendered devise/shared/_links.erb (2.9ms)
  Rendered devise/sessions/new.html.erb within layouts/application (20.9ms)
  Rendered layouts/_navigation_links.html.erb (1.0ms)
  Rendered layouts/_navigation.html.erb (1.9ms)
Completed 200 OK in 51ms (Views: 30.3ms | ActiveRecord: 3.0ms)


Started GET "/users/sign_up" for 127.0.0.1 at 2014-12-01 12:46:49 -0300
Processing by Devise::RegistrationsController#new as HTML
  Rendered devise/shared/_links.erb (0.5ms)
  Rendered devise/registrations/new.html.erb within layouts/application (7.3ms)
  Rendered layouts/_navigation_links.html.erb (0.5ms)
  Rendered layouts/_navigation.html.erb (1.1ms)
Completed 200 OK in 18ms (Views: 15.9ms | ActiveRecord: 0.0ms)


Started GET "/customers" for 127.0.0.1 at 2014-12-01 12:47:17 -0300
Processing by CustomersController#index as HTML
  [1m[35mCustomer Load (0.6ms)[0m  SELECT `customers`.* FROM `customers`
  Rendered customers/index.html.erb within layouts/application (3.5ms)
  Rendered layouts/_navigation_links.html.erb (0.8ms)
  Rendered layouts/_navigation.html.erb (1.7ms)
Completed 200 OK in 25ms (Views: 13.7ms | ActiveRecord: 0.6ms)


Started GET "/assets/application.css?body=1" for 127.0.0.1 at 2014-12-01 12:47:17 -0300


Started GET "/assets/style.css?body=1" for 127.0.0.1 at 2014-12-01 12:47:17 -0300


Started GET "/assets/application.js?body=1" for 127.0.0.1 at 2014-12-01 12:47:17 -0300


Started GET "/assets/index.js?body=1" for 127.0.0.1 at 2014-12-01 12:47:17 -0300


Started GET "/assets/customers.js?body=1" for 127.0.0.1 at 2014-12-01 12:47:17 -0300


Started GET "/customers/new" for 127.0.0.1 at 2014-12-01 12:47:21 -0300
Processing by CustomersController#new as HTML
  Rendered customers/_form.html.erb (10.6ms)
  Rendered customers/new.html.erb within layouts/application (12.0ms)
  Rendered layouts/_navigation_links.html.erb (0.6ms)
  Rendered layouts/_navigation.html.erb (1.3ms)
Completed 200 OK in 22ms (Views: 19.3ms | ActiveRecord: 1.3ms)


Started POST "/customers" for 127.0.0.1 at 2014-12-01 12:49:16 -0300
Processing by CustomersController#create as HTML
  Parameters: {"utf8"=>"✓", "authenticity_token"=>"UymNhkeUClqnmoBhBy25paRj+Ubc/APzFR+/u40F8xY=", "customer"=>{"name"=>"Requies", "type"=>"SpA", "status"=>"1", "rut"=>"173098413", "email"=>"hola@requies.cl"}, "commit"=>"Create Customer"}
Completed 500 Internal Server Error in 1ms

ActiveRecord::SubclassNotFound (Invalid single-table inheritance type: SpA is not a subclass of Customer):
  app/controllers/customers_controller.rb:24:in `create'


  Rendered /home/sylar/.rvm/gems/ruby-2.1.2/gems/actionpack-4.0.2/lib/action_dispatch/middleware/templates/rescues/_source.erb (0.6ms)
  Rendered /home/sylar/.rvm/gems/ruby-2.1.2/gems/actionpack-4.0.2/lib/action_dispatch/middleware/templates/rescues/_trace.erb (1.3ms)
  Rendered /home/sylar/.rvm/gems/ruby-2.1.2/gems/actionpack-4.0.2/lib/action_dispatch/middleware/templates/rescues/_request_and_response.erb (2.0ms)
  Rendered /home/sylar/.rvm/gems/ruby-2.1.2/gems/actionpack-4.0.2/lib/action_dispatch/middleware/templates/rescues/diagnostics.erb within rescues/layout (13.9ms)


Started GET "/customers" for 127.0.0.1 at 2014-12-01 12:53:31 -0300
  [1m[36mActiveRecord::SchemaMigration Load (0.3ms)[0m  [1mSELECT `schema_migrations`.* FROM `schema_migrations`[0m

ActiveRecord::PendingMigrationError (Migrations are pending; run 'bin/rake db:migrate RAILS_ENV=development' to resolve this issue.):
  activerecord (4.0.2) lib/active_record/migration.rb:379:in `check_pending!'
  activerecord (4.0.2) lib/active_record/migration.rb:366:in `call'
  actionpack (4.0.2) lib/action_dispatch/middleware/callbacks.rb:29:in `block in call'
  activesupport (4.0.2) lib/active_support/callbacks.rb:373:in `_run__2158042699644454851__call__callbacks'
  activesupport (4.0.2) lib/active_support/callbacks.rb:80:in `run_callbacks'
  actionpack (4.0.2) lib/action_dispatch/middleware/callbacks.rb:27:in `call'
  actionpack (4.0.2) lib/action_dispatch/middleware/reloader.rb:64:in `call'
  actionpack (4.0.2) lib/action_dispatch/middleware/remote_ip.rb:76:in `call'
  actionpack (4.0.2) lib/action_dispatch/middleware/debug_exceptions.rb:17:in `call'
  actionpack (4.0.2) lib/action_dispatch/middleware/show_exceptions.rb:30:in `call'
  railties (4.0.2) lib/rails/rack/logger.rb:38:in `call_app'
  railties (4.0.2) lib/rails/rack/logger.rb:20:in `block in call'
  activesupport (4.0.2) lib/active_support/tagged_logging.rb:67:in `block in tagged'
  activesupport (4.0.2) lib/active_support/tagged_logging.rb:25:in `tagged'
  activesupport (4.0.2) lib/active_support/tagged_logging.rb:67:in `tagged'
  railties (4.0.2) lib/rails/rack/logger.rb:20:in `call'
  actionpack (4.0.2) lib/action_dispatch/middleware/request_id.rb:21:in `call'
  rack (1.5.2) lib/rack/methodoverride.rb:21:in `call'
  rack (1.5.2) lib/rack/runtime.rb:17:in `call'
  activesupport (4.0.2) lib/active_support/cache/strategy/local_cache.rb:83:in `call'
  rack (1.5.2) lib/rack/lock.rb:17:in `call'
  actionpack (4.0.2) lib/action_dispatch/middleware/static.rb:64:in `call'
  rack (1.5.2) lib/rack/sendfile.rb:112:in `call'
  railties (4.0.2) lib/rails/engine.rb:511:in `call'
  railties (4.0.2) lib/rails/application.rb:97:in `call'
  rack (1.5.2) lib/rack/lock.rb:17:in `call'
  rack (1.5.2) lib/rack/content_length.rb:14:in `call'
  rack (1.5.2) lib/rack/handler/webrick.rb:60:in `service'
  /home/sylar/.rvm/rubies/ruby-2.1.2/lib/ruby/2.1.0/webrick/httpserver.rb:138:in `service'
  /home/sylar/.rvm/rubies/ruby-2.1.2/lib/ruby/2.1.0/webrick/httpserver.rb:94:in `run'
  /home/sylar/.rvm/rubies/ruby-2.1.2/lib/ruby/2.1.0/webrick/server.rb:295:in `block in start_thread'


  Rendered /home/sylar/.rvm/gems/ruby-2.1.2/gems/actionpack-4.0.2/lib/action_dispatch/middleware/templates/rescues/_source.erb (0.8ms)
  Rendered /home/sylar/.rvm/gems/ruby-2.1.2/gems/actionpack-4.0.2/lib/action_dispatch/middleware/templates/rescues/_trace.erb (1.2ms)
  Rendered /home/sylar/.rvm/gems/ruby-2.1.2/gems/actionpack-4.0.2/lib/action_dispatch/middleware/templates/rescues/_request_and_response.erb (1.1ms)
  Rendered /home/sylar/.rvm/gems/ruby-2.1.2/gems/actionpack-4.0.2/lib/action_dispatch/middleware/templates/rescues/diagnostics.erb within rescues/layout (14.1ms)
  [1m[36mActiveRecord::SchemaMigration Load (0.2ms)[0m  [1mSELECT `schema_migrations`.* FROM `schema_migrations`[0m
Migrating to CreateCustomers (20141201155303)
  [1m[35m (0.4ms)[0m  CREATE TABLE `customers` (`id` int(11) DEFAULT NULL auto_increment PRIMARY KEY, `name` varchar(255), `clientType` varchar(255), `status` int(11), `rut` varchar(255), `email` varchar(255), `created_at` datetime, `updated_at` datetime) ENGINE=InnoDB
Mysql2::Error: Table 'customers' already exists: CREATE TABLE `customers` (`id` int(11) DEFAULT NULL auto_increment PRIMARY KEY, `name` varchar(255), `clientType` varchar(255), `status` int(11), `rut` varchar(255), `email` varchar(255), `created_at` datetime, `updated_at` datetime) ENGINE=InnoDB
  [1m[36m (112.2ms)[0m  [1mCREATE TABLE `schema_migrations` (`version` varchar(255) NOT NULL) ENGINE=InnoDB[0m
  [1m[35m (221.4ms)[0m  CREATE UNIQUE INDEX `unique_schema_migrations` ON `schema_migrations` (`version`) 
  [1m[36mActiveRecord::SchemaMigration Load (0.6ms)[0m  [1mSELECT `schema_migrations`.* FROM `schema_migrations`[0m
Migrating to DeviseCreateUsers (20140219221337)
  [1m[35m (158.3ms)[0m  CREATE TABLE `users` (`id` int(11) DEFAULT NULL auto_increment PRIMARY KEY, `email` varchar(255) DEFAULT '' NOT NULL, `encrypted_password` varchar(255) DEFAULT '' NOT NULL, `reset_password_token` varchar(255), `reset_password_sent_at` datetime, `remember_created_at` datetime, `sign_in_count` int(11) DEFAULT 0 NOT NULL, `current_sign_in_at` datetime, `last_sign_in_at` datetime, `current_sign_in_ip` varchar(255), `last_sign_in_ip` varchar(255), `name` varchar(255), `address` varchar(255), `country` varchar(255), `created_at` datetime, `updated_at` datetime) ENGINE=InnoDB
  [1m[36m (265.8ms)[0m  [1mCREATE UNIQUE INDEX `index_users_on_email` ON `users` (`email`) [0m
  [1m[35m (177.3ms)[0m  CREATE UNIQUE INDEX `index_users_on_reset_password_token` ON `users` (`reset_password_token`) 
  [1m[36m (0.4ms)[0m  [1mBEGIN[0m
  [1m[35mSQL (0.5ms)[0m  INSERT INTO `schema_migrations` (`version`) VALUES ('20140219221337')
  [1m[36m (39.1ms)[0m  [1mCOMMIT[0m
Migrating to CreateCustomers (20141201155303)
  [1m[35m (99.4ms)[0m  CREATE TABLE `customers` (`id` int(11) DEFAULT NULL auto_increment PRIMARY KEY, `name` varchar(255), `clientType` varchar(255), `status` int(11), `rut` varchar(255), `email` varchar(255), `created_at` datetime, `updated_at` datetime) ENGINE=InnoDB
  [1m[36m (0.3ms)[0m  [1mBEGIN[0m
  [1m[35mSQL (0.5ms)[0m  INSERT INTO `schema_migrations` (`version`) VALUES ('20141201155303')
  [1m[36m (42.4ms)[0m  [1mCOMMIT[0m
  [1m[35mActiveRecord::SchemaMigration Load (0.5ms)[0m  SELECT `schema_migrations`.* FROM `schema_migrations`


Started GET "/customers" for 127.0.0.1 at 2014-12-01 12:54:29 -0300
  [1m[36mActiveRecord::SchemaMigration Load (0.2ms)[0m  [1mSELECT `schema_migrations`.* FROM `schema_migrations`[0m
Processing by CustomersController#index as HTML
  [1m[35mCustomer Load (0.6ms)[0m  SELECT `customers`.* FROM `customers`
  Rendered customers/index.html.erb within layouts/application (3.3ms)
  Rendered layouts/_navigation_links.html.erb (5.2ms)
  Rendered layouts/_navigation.html.erb (6.3ms)
Completed 200 OK in 91ms (Views: 75.0ms | ActiveRecord: 0.6ms)


Started GET "/assets/style.css?body=1" for 127.0.0.1 at 2014-12-01 12:54:29 -0300


Started GET "/assets/customers.js?body=1" for 127.0.0.1 at 2014-12-01 12:54:29 -0300


Started GET "/assets/index.js?body=1" for 127.0.0.1 at 2014-12-01 12:54:29 -0300


Started GET "/assets/application.css?body=1" for 127.0.0.1 at 2014-12-01 12:54:29 -0300


Started GET "/assets/application.js?body=1" for 127.0.0.1 at 2014-12-01 12:54:29 -0300


Started GET "/customers/new" for 127.0.0.1 at 2014-12-01 12:54:32 -0300
Processing by CustomersController#new as HTML
  Rendered customers/_form.html.erb (26.8ms)
  Rendered customers/new.html.erb within layouts/application (28.4ms)
  Rendered layouts/_navigation_links.html.erb (1.1ms)
  Rendered layouts/_navigation.html.erb (2.2ms)
Completed 200 OK in 42ms (Views: 37.8ms | ActiveRecord: 2.5ms)


Started POST "/customers" for 127.0.0.1 at 2014-12-01 12:55:00 -0300
Processing by CustomersController#create as HTML
  Parameters: {"utf8"=>"✓", "authenticity_token"=>"UymNhkeUClqnmoBhBy25paRj+Ubc/APzFR+/u40F8xY=", "customer"=>{"name"=>"Requies", "clientType"=>"SpA", "status"=>"1", "rut"=>"173098413", "email"=>"hola@requies.cl"}, "commit"=>"Create Customer"}
  [1m[36m (0.2ms)[0m  [1mBEGIN[0m
  [1m[35mSQL (0.6ms)[0m  INSERT INTO `customers` (`clientType`, `created_at`, `email`, `name`, `rut`, `status`, `updated_at`) VALUES ('SpA', '2014-12-01 15:55:00', 'hola@requies.cl', 'Requies', '173098413', 1, '2014-12-01 15:55:00')
  [1m[36m (93.8ms)[0m  [1mCOMMIT[0m
Redirected to http://0.0.0.0:3000/customers/1
Completed 302 Found in 106ms (ActiveRecord: 94.6ms)


Started GET "/customers/1" for 127.0.0.1 at 2014-12-01 12:55:00 -0300
Processing by CustomersController#show as HTML
  Parameters: {"id"=>"1"}
  [1m[35mCustomer Load (0.6ms)[0m  SELECT `customers`.* FROM `customers` WHERE `customers`.`id` = 1 LIMIT 1
  Rendered customers/show.html.erb within layouts/application (14.2ms)
Completed 500 Internal Server Error in 20ms

ActionView::Template::Error (undefined local variable or method `customer' for #<#<Class:0x000000028b6f08>:0x007f19d064bd88>):
    32: </table>
    33: 
    34: <%= link_to 'Edit', edit_customer_path(@customer), :class => "btn btn-default" %>
    35: <%= link_to 'Destroy', customer, method: :delete, data: { confirm: 'Are you sure?' }, :class => "btn btn-danger" %>
    36: <%= link_to 'Back', customers_path, :class => "btn btn-link" %>
  app/views/customers/show.html.erb:35:in `_app_views_customers_show_html_erb___4275416856189102194_69874423584200'


  Rendered /home/sylar/.rvm/gems/ruby-2.1.2/gems/actionpack-4.0.2/lib/action_dispatch/middleware/templates/rescues/_trace.erb (1.3ms)
  Rendered /home/sylar/.rvm/gems/ruby-2.1.2/gems/actionpack-4.0.2/lib/action_dispatch/middleware/templates/rescues/_request_and_response.erb (1.0ms)
  Rendered /home/sylar/.rvm/gems/ruby-2.1.2/gems/actionpack-4.0.2/lib/action_dispatch/middleware/templates/rescues/template_error.erb within rescues/layout (9.4ms)


Started GET "/customers/1" for 127.0.0.1 at 2014-12-01 12:56:05 -0300
Processing by CustomersController#show as HTML
  Parameters: {"id"=>"1"}
  [1m[36mCustomer Load (0.2ms)[0m  [1mSELECT `customers`.* FROM `customers` WHERE `customers`.`id` = 1 LIMIT 1[0m
  Rendered customers/show.html.erb within layouts/application (2.5ms)
  Rendered layouts/_navigation_links.html.erb (0.7ms)
  Rendered layouts/_navigation.html.erb (1.4ms)
Completed 200 OK in 15ms (Views: 12.6ms | ActiveRecord: 0.2ms)


Started GET "/assets/application.css?body=1" for 127.0.0.1 at 2014-12-01 12:56:05 -0300


Started GET "/assets/style.css?body=1" for 127.0.0.1 at 2014-12-01 12:56:05 -0300


Started GET "/assets/customers.js?body=1" for 127.0.0.1 at 2014-12-01 12:56:05 -0300


Started GET "/assets/index.js?body=1" for 127.0.0.1 at 2014-12-01 12:56:05 -0300


Started GET "/assets/application.js?body=1" for 127.0.0.1 at 2014-12-01 12:56:05 -0300


Started GET "/customers" for 127.0.0.1 at 2014-12-01 12:58:35 -0300
Processing by CustomersController#index as HTML
  [1m[35mCustomer Load (0.6ms)[0m  SELECT `customers`.* FROM `customers`
  Rendered customers/index.html.erb within layouts/application (4.1ms)
  Rendered layouts/_navigation_links.html.erb (0.6ms)
  Rendered layouts/_navigation.html.erb (1.3ms)
Completed 200 OK in 15ms (Views: 13.2ms | ActiveRecord: 0.6ms)
